<?xml version="1.0" encoding="UTF-8"?>
<!-- Generated by org.testng.reporters.JUnitReportReporter -->
<testsuite hostname="DESKTOP-2L70K5E" failures="0" tests="3" name="Guna.Automation.Listeners" time="0.356" errors="0" timestamp="2024-03-18T17:11:41 IST" skipped="0">
  <testcase classname="Guna.Automation.Listeners" name="menu" time="0.062"/>
  <system-out/>
  <testcase classname="Guna.Automation.Listeners" name="ss" time="0.183"/>
  <system-out/>
  <testcase classname="Guna.Automation.Listeners" name="f" time="0.111"/>
  <system-out/>
</testsuite> <!-- Guna.Automation.Listeners -->
