<?xml version="1.0" encoding="UTF-8"?>
<!-- Generated by org.testng.reporters.JUnitReportReporter -->
<testsuite hostname="DESKTOP-2L70K5E" failures="0" tests="1" name="Guna.Automation.MenuOptions" time="0.420" errors="0" timestamp="2024-03-18T16:26:42 IST" skipped="0">
  <testcase classname="Guna.Automation.MenuOptions" name="menu" time="0.420"/>
  <system-out/>
</testsuite> <!-- Guna.Automation.MenuOptions -->
